<?xml version="1.0" encoding="UTF-8"?>
<!-- Generated by org.testng.reporters.JUnitXMLReporter -->
<testsuite ignored="0" hostname="Swapnils-MacBook-Air.local" failures="0" tests="9" name="Default test" time="16.666" errors="0" timestamp="2024-02-07T20:50:05 IST">
  <testcase classname="sauceDemo.SauceDemoTest" name="open_loginpage" time="1.014"/>
  <testcase classname="sauceDemo.SauceDemoTest" name="login_with_invalid_credentials" time="2.264"/>
  <testcase classname="sauceDemo.SauceDemoTest" name="login_with_invalid_credentials" time="2.194"/>
  <testcase classname="sauceDemo.SauceDemoTest" name="login_with_invalid_credentials" time="2.182"/>
  <testcase classname="sauceDemo.SauceDemoTest" name="login_with_invalid_credentials" time="2.191"/>
  <testcase classname="sauceDemo.SauceDemoTest" name="login_with_invalid_credentials" time="2.163"/>
  <testcase classname="sauceDemo.SauceDemoTest" name="login_with_invalid_credentials" time="2.171"/>
  <testcase classname="sauceDemo.SauceDemoTest" name="login_with_valid_credentials" time="2.212"/>
  <testcase classname="sauceDemo.SauceDemoTest" name="select_random_items" time="0.232"/>
</testsuite> <!-- Default test -->
